2023-09-30T16:09:17.360+04:00  INFO 10132 --- [restartedMain] com.example.crud.CrudApplication         : Starting CrudApplication using Java 17.0.4.1 with PID 10132 (C:\Users\Luka\Desktop\Spring Boot\CRUD\target\classes started by Luka in C:\Users\Luka\Desktop\Spring Boot\CRUD)
2023-09-30T16:09:17.362+04:00  INFO 10132 --- [restartedMain] com.example.crud.CrudApplication         : No active profile set, falling back to 1 default profile: "default"
2023-09-30T16:09:17.407+04:00  INFO 10132 --- [restartedMain] .e.DevToolsPropertyDefaultsPostProcessor : Devtools property defaults active! Set 'spring.devtools.add-properties' to 'false' to disable
2023-09-30T16:09:17.407+04:00  INFO 10132 --- [restartedMain] .e.DevToolsPropertyDefaultsPostProcessor : For additional web related logging consider setting the 'logging.level.web' property to 'DEBUG'
2023-09-30T16:09:18.057+04:00  INFO 10132 --- [restartedMain] .s.d.r.c.RepositoryConfigurationDelegate : Bootstrapping Spring Data JPA repositories in DEFAULT mode.
2023-09-30T16:09:18.104+04:00  INFO 10132 --- [restartedMain] .s.d.r.c.RepositoryConfigurationDelegate : Finished Spring Data repository scanning in 41 ms. Found 2 JPA repository interfaces.
2023-09-30T16:09:18.449+04:00  INFO 10132 --- [restartedMain] trationDelegate$BeanPostProcessorChecker : Bean 'org.springframework.ws.config.annotation.DelegatingWsConfiguration' of type [org.springframework.ws.config.annotation.DelegatingWsConfiguration$$SpringCGLIB$$0] is not eligible for getting processed by all BeanPostProcessors (for example: not eligible for auto-proxying)
2023-09-30T16:09:18.480+04:00  INFO 10132 --- [restartedMain] .w.s.a.s.AnnotationActionEndpointMapping : Supporting [WS-Addressing August 2004, WS-Addressing 1.0]
2023-09-30T16:09:18.775+04:00  INFO 10132 --- [restartedMain] o.s.b.w.embedded.tomcat.TomcatWebServer  : Tomcat initialized with port(s): 8181 (http)
2023-09-30T16:09:18.782+04:00  INFO 10132 --- [restartedMain] o.apache.catalina.core.StandardService   : Starting service [Tomcat]
2023-09-30T16:09:18.782+04:00  INFO 10132 --- [restartedMain] o.apache.catalina.core.StandardEngine    : Starting Servlet engine: [Apache Tomcat/10.1.12]
2023-09-30T16:09:18.830+04:00  INFO 10132 --- [restartedMain] o.a.c.c.C.[Tomcat].[localhost].[/]       : Initializing Spring embedded WebApplicationContext
2023-09-30T16:09:18.830+04:00  INFO 10132 --- [restartedMain] w.s.c.ServletWebServerApplicationContext : Root WebApplicationContext: initialization completed in 1422 ms
2023-09-30T16:09:18.884+04:00  WARN 10132 --- [restartedMain] o.a.c.c.C.[Tomcat].[localhost].[/]       : Cannot deserialize session attribute [SPRING_SECURITY_CONTEXT] for session [385EDF87C26B2E648AD78D6412E909B3]
2023-09-30T16:09:18.974+04:00  INFO 10132 --- [restartedMain] o.hibernate.jpa.internal.util.LogHelper  : HHH000204: Processing PersistenceUnitInfo [name: default]
2023-09-30T16:09:19.040+04:00  INFO 10132 --- [restartedMain] org.hibernate.Version                    : HHH000412: Hibernate ORM core version 6.2.7.Final
2023-09-30T16:09:19.044+04:00  INFO 10132 --- [restartedMain] org.hibernate.cfg.Environment            : HHH000406: Using bytecode reflection optimizer
2023-09-30T16:09:19.156+04:00  INFO 10132 --- [restartedMain] o.h.b.i.BytecodeProviderInitiator        : HHH000021: Bytecode provider name : bytebuddy
2023-09-30T16:09:19.257+04:00  INFO 10132 --- [restartedMain] o.s.o.j.p.SpringPersistenceUnitInfo      : No LoadTimeWeaver setup: ignoring JPA class transformer
2023-09-30T16:09:19.275+04:00  INFO 10132 --- [restartedMain] com.zaxxer.hikari.HikariDataSource       : HikariPool-1 - Starting...
2023-09-30T16:09:19.398+04:00  INFO 10132 --- [restartedMain] com.zaxxer.hikari.pool.HikariPool        : HikariPool-1 - Added connection com.mysql.cj.jdbc.ConnectionImpl@21a3584e
2023-09-30T16:09:19.400+04:00  INFO 10132 --- [restartedMain] com.zaxxer.hikari.HikariDataSource       : HikariPool-1 - Start completed.
2023-09-30T16:09:19.430+04:00  WARN 10132 --- [restartedMain] org.hibernate.dialect.Dialect            : HHH000511: The 5.5.0 version for [org.hibernate.dialect.MySQLDialect] is no longer supported, hence certain features may not work properly. The minimum supported version is 5.7.0. Check the community dialects project for available legacy versions.
2023-09-30T16:09:19.618+04:00  INFO 10132 --- [restartedMain] o.h.b.i.BytecodeProviderInitiator        : HHH000021: Bytecode provider name : bytebuddy
2023-09-30T16:09:20.168+04:00  INFO 10132 --- [restartedMain] o.h.e.t.j.p.i.JtaPlatformInitiator       : HHH000490: Using JtaPlatform implementation: [org.hibernate.engine.transaction.jta.platform.internal.NoJtaPlatform]
2023-09-30T16:09:20.227+04:00  INFO 10132 --- [restartedMain] j.LocalContainerEntityManagerFactoryBean : Initialized JPA EntityManagerFactory for persistence unit 'default'
2023-09-30T16:09:20.436+04:00  INFO 10132 --- [restartedMain] o.s.d.j.r.query.QueryEnhancerFactory     : Hibernate is in classpath; If applicable, HQL parser will be used.
2023-09-30T16:09:20.843+04:00  WARN 10132 --- [restartedMain] JpaBaseConfiguration$JpaWebConfiguration : spring.jpa.open-in-view is enabled by default. Therefore, database queries may be performed during view rendering. Explicitly configure spring.jpa.open-in-view to disable this warning
2023-09-30T16:09:21.004+04:00  INFO 10132 --- [restartedMain] o.s.s.web.DefaultSecurityFilterChain     : Will secure any request with [org.springframework.security.web.session.DisableEncodeUrlFilter@17826a96, org.springframework.security.web.context.request.async.WebAsyncManagerIntegrationFilter@74cbd922, org.springframework.security.web.context.SecurityContextHolderFilter@10689025, org.springframework.security.web.header.HeaderWriterFilter@6b54f98f, org.springframework.security.web.csrf.CsrfFilter@123cea06, org.springframework.security.web.authentication.logout.LogoutFilter@5e91070b, org.springframework.security.web.authentication.UsernamePasswordAuthenticationFilter@491409b3, org.springframework.security.web.savedrequest.RequestCacheAwareFilter@3ea22171, org.springframework.security.web.servletapi.SecurityContextHolderAwareRequestFilter@48d67033, org.springframework.security.web.authentication.AnonymousAuthenticationFilter@1dfb1f99, org.springframework.security.web.access.ExceptionTranslationFilter@48d2ff9b, org.springframework.security.web.access.intercept.AuthorizationFilter@6030734f]
2023-09-30T16:09:21.241+04:00  INFO 10132 --- [restartedMain] o.s.b.a.w.s.WelcomePageHandlerMapping    : Adding welcome page template: index
2023-09-30T16:09:21.524+04:00  INFO 10132 --- [restartedMain] o.s.b.d.a.OptionalLiveReloadServer       : LiveReload server is running on port 35729
2023-09-30T16:09:21.559+04:00  INFO 10132 --- [restartedMain] o.s.b.w.embedded.tomcat.TomcatWebServer  : Tomcat started on port(s): 8181 (http) with context path ''
2023-09-30T16:09:21.568+04:00  INFO 10132 --- [restartedMain] com.example.crud.CrudApplication         : Started CrudApplication in 4.589 seconds (process running for 5.238)
2023-09-30T16:09:38.779+04:00  INFO 10132 --- [http-nio-8181-exec-1] o.a.c.c.C.[Tomcat].[localhost].[/]       : Initializing Spring DispatcherServlet 'dispatcherServlet'
2023-09-30T16:09:38.779+04:00  INFO 10132 --- [http-nio-8181-exec-1] o.s.web.servlet.DispatcherServlet        : Initializing Servlet 'dispatcherServlet'
2023-09-30T16:09:38.780+04:00  INFO 10132 --- [http-nio-8181-exec-1] o.s.web.servlet.DispatcherServlet        : Completed initialization in 1 ms
2023-09-30T16:22:09.546+04:00  INFO 10132 --- [SpringApplicationShutdownHook] j.LocalContainerEntityManagerFactoryBean : Closing JPA EntityManagerFactory for persistence unit 'default'
2023-09-30T16:22:09.550+04:00  INFO 10132 --- [SpringApplicationShutdownHook] com.zaxxer.hikari.HikariDataSource       : HikariPool-1 - Shutdown initiated...
2023-09-30T16:22:09.558+04:00  INFO 10132 --- [SpringApplicationShutdownHook] com.zaxxer.hikari.HikariDataSource       : HikariPool-1 - Shutdown completed.
