2023-10-02 02:44:48,074 [SpringApplicationShutdownHook] INFO  o.s.o.j.LocalContainerEntityManagerFactoryBean : Closing JPA EntityManagerFactory for persistence unit 'default'
2023-10-02 02:44:48,082 [SpringApplicationShutdownHook] INFO  com.zaxxer.hikari.HikariDataSource       : HikariPool-1 - Shutdown initiated...
2023-10-02 02:44:48,094 [SpringApplicationShutdownHook] INFO  com.zaxxer.hikari.HikariDataSource       : HikariPool-1 - Shutdown completed.
2023-10-02 02:44:53,678 [restartedMain] INFO  com.example.crud.CrudApplication         : Starting CrudApplication using Java 17.0.4.1 with PID 1596 (C:\Users\Luka\Desktop\Spring Boot\CRUD\target\classes started by Luka in C:\Users\Luka\Desktop\Spring Boot\CRUD)
2023-10-02 02:44:53,680 [restartedMain] INFO  com.example.crud.CrudApplication         : No active profile set, falling back to 1 default profile: "default"
2023-10-02 02:44:53,729 [restartedMain] INFO  o.s.b.d.e.DevToolsPropertyDefaultsPostProcessor : Devtools property defaults active! Set 'spring.devtools.add-properties' to 'false' to disable
2023-10-02 02:44:53,729 [restartedMain] INFO  o.s.b.d.e.DevToolsPropertyDefaultsPostProcessor : For additional web related logging consider setting the 'logging.level.web' property to 'DEBUG'
2023-10-02 02:44:54,423 [restartedMain] INFO  o.s.d.r.c.RepositoryConfigurationDelegate : Bootstrapping Spring Data JPA repositories in DEFAULT mode.
2023-10-02 02:44:54,479 [restartedMain] INFO  o.s.d.r.c.RepositoryConfigurationDelegate : Finished Spring Data repository scanning in 49 ms. Found 2 JPA repository interfaces.
2023-10-02 02:44:54,877 [restartedMain] INFO  o.s.c.s.PostProcessorRegistrationDelegate$BeanPostProcessorChecker : Bean 'org.springframework.ws.config.annotation.DelegatingWsConfiguration' of type [org.springframework.ws.config.annotation.DelegatingWsConfiguration$$SpringCGLIB$$0] is not eligible for getting processed by all BeanPostProcessors (for example: not eligible for auto-proxying)
2023-10-02 02:44:54,908 [restartedMain] INFO  o.s.w.s.a.s.AnnotationActionEndpointMapping : Supporting [WS-Addressing August 2004, WS-Addressing 1.0]
2023-10-02 02:44:55,178 [restartedMain] INFO  o.s.b.w.embedded.tomcat.TomcatWebServer  : Tomcat initialized with port(s): 8181 (http)
2023-10-02 02:44:55,186 [restartedMain] INFO  o.apache.catalina.core.StandardService   : Starting service [Tomcat]
2023-10-02 02:44:55,186 [restartedMain] INFO  org.apache.catalina.core.StandardEngine  : Starting Servlet engine: [Apache Tomcat/10.1.12]
2023-10-02 02:44:55,237 [restartedMain] INFO  o.a.c.c.C.[Tomcat].[localhost].[/]       : Initializing Spring embedded WebApplicationContext
2023-10-02 02:44:55,237 [restartedMain] INFO  o.s.b.w.s.c.ServletWebServerApplicationContext : Root WebApplicationContext: initialization completed in 1508 ms
2023-10-02 02:44:55,297 [restartedMain] WARN  o.a.c.c.C.[Tomcat].[localhost].[/]       : Cannot deserialize session attribute [SPRING_SECURITY_CONTEXT] for session [0B7FBB756EA1ED4A09AD1D87B55B7B21]
2023-10-02 02:44:55,402 [restartedMain] INFO  o.hibernate.jpa.internal.util.LogHelper  : HHH000204: Processing PersistenceUnitInfo [name: default]
2023-10-02 02:44:55,453 [restartedMain] INFO  org.hibernate.Version                    : HHH000412: Hibernate ORM core version 6.2.7.Final
2023-10-02 02:44:55,456 [restartedMain] INFO  org.hibernate.cfg.Environment            : HHH000406: Using bytecode reflection optimizer
2023-10-02 02:44:55,576 [restartedMain] INFO  o.h.b.internal.BytecodeProviderInitiator : HHH000021: Bytecode provider name : bytebuddy
2023-10-02 02:44:55,692 [restartedMain] INFO  o.s.o.j.p.SpringPersistenceUnitInfo      : No LoadTimeWeaver setup: ignoring JPA class transformer
2023-10-02 02:44:55,707 [restartedMain] INFO  com.zaxxer.hikari.HikariDataSource       : HikariPool-1 - Starting...
2023-10-02 02:44:55,847 [restartedMain] INFO  com.zaxxer.hikari.pool.HikariPool        : HikariPool-1 - Added connection com.mysql.cj.jdbc.ConnectionImpl@1a1868b8
2023-10-02 02:44:55,849 [restartedMain] INFO  com.zaxxer.hikari.HikariDataSource       : HikariPool-1 - Start completed.
2023-10-02 02:44:55,885 [restartedMain] WARN  org.hibernate.dialect.Dialect            : HHH000511: The 5.5.0 version for [org.hibernate.dialect.MySQLDialect] is no longer supported, hence certain features may not work properly. The minimum supported version is 5.7.0. Check the community dialects project for available legacy versions.
2023-10-02 02:44:56,087 [restartedMain] INFO  o.h.b.internal.BytecodeProviderInitiator : HHH000021: Bytecode provider name : bytebuddy
2023-10-02 02:44:56,663 [restartedMain] INFO  o.h.e.t.j.p.i.JtaPlatformInitiator       : HHH000490: Using JtaPlatform implementation: [org.hibernate.engine.transaction.jta.platform.internal.NoJtaPlatform]
2023-10-02 02:44:56,729 [restartedMain] INFO  o.s.o.j.LocalContainerEntityManagerFactoryBean : Initialized JPA EntityManagerFactory for persistence unit 'default'
2023-10-02 02:44:56,940 [restartedMain] INFO  o.s.d.j.r.query.QueryEnhancerFactory     : Hibernate is in classpath; If applicable, HQL parser will be used.
2023-10-02 02:44:57,375 [restartedMain] WARN  o.s.b.a.o.j.JpaBaseConfiguration$JpaWebConfiguration : spring.jpa.open-in-view is enabled by default. Therefore, database queries may be performed during view rendering. Explicitly configure spring.jpa.open-in-view to disable this warning
2023-10-02 02:44:57,566 [restartedMain] INFO  o.s.s.web.DefaultSecurityFilterChain     : Will secure any request with [org.springframework.security.web.session.DisableEncodeUrlFilter@279864e0, org.springframework.security.web.context.request.async.WebAsyncManagerIntegrationFilter@4134a41b, org.springframework.security.web.context.SecurityContextHolderFilter@16cf0f9a, org.springframework.security.web.header.HeaderWriterFilter@14287276, org.springframework.security.web.csrf.CsrfFilter@61902896, org.springframework.security.web.authentication.logout.LogoutFilter@2b1d6a64, org.springframework.security.web.authentication.UsernamePasswordAuthenticationFilter@1e908ab8, org.springframework.security.web.savedrequest.RequestCacheAwareFilter@15d7d7a0, org.springframework.security.web.servletapi.SecurityContextHolderAwareRequestFilter@4c185872, org.springframework.security.web.authentication.AnonymousAuthenticationFilter@5b6b23cf, org.springframework.security.web.access.ExceptionTranslationFilter@6bbf45d5, org.springframework.security.web.access.intercept.AuthorizationFilter@373a3e06]
2023-10-02 02:44:57,864 [restartedMain] INFO  o.s.b.a.w.s.WelcomePageHandlerMapping    : Adding welcome page template: index
2023-10-02 02:44:58,176 [restartedMain] INFO  o.s.b.d.a.OptionalLiveReloadServer       : LiveReload server is running on port 35729
2023-10-02 02:44:58,208 [restartedMain] INFO  o.s.b.w.embedded.tomcat.TomcatWebServer  : Tomcat started on port(s): 8181 (http) with context path ''
2023-10-02 02:44:58,208 [restartedMain] INFO  com.example.crud.CrudApplication         : Started CrudApplication in 4.932 seconds (process running for 5.624)
2023-10-02 02:44:58,893 [http-nio-8181-exec-1] INFO  o.a.c.c.C.[Tomcat].[localhost].[/]       : Initializing Spring DispatcherServlet 'dispatcherServlet'
2023-10-02 02:44:58,893 [http-nio-8181-exec-1] INFO  o.s.web.servlet.DispatcherServlet        : Initializing Servlet 'dispatcherServlet'
2023-10-02 02:44:58,893 [http-nio-8181-exec-1] INFO  o.s.web.servlet.DispatcherServlet        : Completed initialization in 0 ms
2023-10-02 02:52:17,389 [SpringApplicationShutdownHook] INFO  o.s.o.j.LocalContainerEntityManagerFactoryBean : Closing JPA EntityManagerFactory for persistence unit 'default'
2023-10-02 02:52:17,403 [SpringApplicationShutdownHook] INFO  com.zaxxer.hikari.HikariDataSource       : HikariPool-1 - Shutdown initiated...
2023-10-02 02:52:17,414 [SpringApplicationShutdownHook] INFO  com.zaxxer.hikari.HikariDataSource       : HikariPool-1 - Shutdown completed.
2023-10-02 02:52:23,027 [restartedMain] INFO  com.example.crud.CrudApplication         : Starting CrudApplication using Java 17.0.4.1 with PID 11156 (C:\Users\Luka\Desktop\Spring Boot\CRUD\target\classes started by Luka in C:\Users\Luka\Desktop\Spring Boot\CRUD)
2023-10-02 02:52:23,034 [restartedMain] INFO  com.example.crud.CrudApplication         : No active profile set, falling back to 1 default profile: "default"
2023-10-02 02:52:23,078 [restartedMain] INFO  o.s.b.d.e.DevToolsPropertyDefaultsPostProcessor : Devtools property defaults active! Set 'spring.devtools.add-properties' to 'false' to disable
2023-10-02 02:52:23,079 [restartedMain] INFO  o.s.b.d.e.DevToolsPropertyDefaultsPostProcessor : For additional web related logging consider setting the 'logging.level.web' property to 'DEBUG'
2023-10-02 02:52:23,842 [restartedMain] INFO  o.s.d.r.c.RepositoryConfigurationDelegate : Bootstrapping Spring Data JPA repositories in DEFAULT mode.
2023-10-02 02:52:23,909 [restartedMain] INFO  o.s.d.r.c.RepositoryConfigurationDelegate : Finished Spring Data repository scanning in 58 ms. Found 2 JPA repository interfaces.
2023-10-02 02:52:24,360 [restartedMain] INFO  o.s.c.s.PostProcessorRegistrationDelegate$BeanPostProcessorChecker : Bean 'org.springframework.ws.config.annotation.DelegatingWsConfiguration' of type [org.springframework.ws.config.annotation.DelegatingWsConfiguration$$SpringCGLIB$$0] is not eligible for getting processed by all BeanPostProcessors (for example: not eligible for auto-proxying)
2023-10-02 02:52:24,397 [restartedMain] INFO  o.s.w.s.a.s.AnnotationActionEndpointMapping : Supporting [WS-Addressing August 2004, WS-Addressing 1.0]
2023-10-02 02:52:24,683 [restartedMain] INFO  o.s.b.w.embedded.tomcat.TomcatWebServer  : Tomcat initialized with port(s): 8181 (http)
2023-10-02 02:52:24,694 [restartedMain] INFO  o.apache.catalina.core.StandardService   : Starting service [Tomcat]
2023-10-02 02:52:24,695 [restartedMain] INFO  org.apache.catalina.core.StandardEngine  : Starting Servlet engine: [Apache Tomcat/10.1.12]
2023-10-02 02:52:24,764 [restartedMain] INFO  o.a.c.c.C.[Tomcat].[localhost].[/]       : Initializing Spring embedded WebApplicationContext
2023-10-02 02:52:24,765 [restartedMain] INFO  o.s.b.w.s.c.ServletWebServerApplicationContext : Root WebApplicationContext: initialization completed in 1686 ms
2023-10-02 02:52:24,935 [restartedMain] INFO  o.hibernate.jpa.internal.util.LogHelper  : HHH000204: Processing PersistenceUnitInfo [name: default]
2023-10-02 02:52:24,982 [restartedMain] INFO  org.hibernate.Version                    : HHH000412: Hibernate ORM core version 6.2.7.Final
2023-10-02 02:52:24,983 [restartedMain] INFO  org.hibernate.cfg.Environment            : HHH000406: Using bytecode reflection optimizer
2023-10-02 02:52:25,129 [restartedMain] INFO  o.h.b.internal.BytecodeProviderInitiator : HHH000021: Bytecode provider name : bytebuddy
2023-10-02 02:52:25,265 [restartedMain] INFO  o.s.o.j.p.SpringPersistenceUnitInfo      : No LoadTimeWeaver setup: ignoring JPA class transformer
2023-10-02 02:52:25,284 [restartedMain] INFO  com.zaxxer.hikari.HikariDataSource       : HikariPool-1 - Starting...
2023-10-02 02:52:25,437 [restartedMain] INFO  com.zaxxer.hikari.pool.HikariPool        : HikariPool-1 - Added connection com.mysql.cj.jdbc.ConnectionImpl@3c79fc0f
2023-10-02 02:52:25,440 [restartedMain] INFO  com.zaxxer.hikari.HikariDataSource       : HikariPool-1 - Start completed.
2023-10-02 02:52:25,505 [restartedMain] WARN  org.hibernate.dialect.Dialect            : HHH000511: The 5.5.0 version for [org.hibernate.dialect.MySQLDialect] is no longer supported, hence certain features may not work properly. The minimum supported version is 5.7.0. Check the community dialects project for available legacy versions.
2023-10-02 02:52:25,754 [restartedMain] INFO  o.h.b.internal.BytecodeProviderInitiator : HHH000021: Bytecode provider name : bytebuddy
2023-10-02 02:52:26,511 [restartedMain] INFO  o.h.e.t.j.p.i.JtaPlatformInitiator       : HHH000490: Using JtaPlatform implementation: [org.hibernate.engine.transaction.jta.platform.internal.NoJtaPlatform]
2023-10-02 02:52:26,586 [restartedMain] INFO  o.s.o.j.LocalContainerEntityManagerFactoryBean : Initialized JPA EntityManagerFactory for persistence unit 'default'
2023-10-02 02:52:26,866 [restartedMain] INFO  o.s.d.j.r.query.QueryEnhancerFactory     : Hibernate is in classpath; If applicable, HQL parser will be used.
2023-10-02 02:52:27,410 [restartedMain] WARN  o.s.b.a.o.j.JpaBaseConfiguration$JpaWebConfiguration : spring.jpa.open-in-view is enabled by default. Therefore, database queries may be performed during view rendering. Explicitly configure spring.jpa.open-in-view to disable this warning
2023-10-02 02:52:27,672 [restartedMain] INFO  o.s.s.web.DefaultSecurityFilterChain     : Will secure any request with [org.springframework.security.web.session.DisableEncodeUrlFilter@18d2bb85, org.springframework.security.web.context.request.async.WebAsyncManagerIntegrationFilter@851baad, org.springframework.security.web.context.SecurityContextHolderFilter@2afb176e, org.springframework.security.web.header.HeaderWriterFilter@43097553, org.springframework.security.web.csrf.CsrfFilter@17826a96, org.springframework.security.web.authentication.logout.LogoutFilter@61902896, org.springframework.security.web.authentication.UsernamePasswordAuthenticationFilter@34b30a98, org.springframework.security.web.savedrequest.RequestCacheAwareFilter@186bb40b, org.springframework.security.web.servletapi.SecurityContextHolderAwareRequestFilter@4f340213, org.springframework.security.web.authentication.AnonymousAuthenticationFilter@241a96f5, org.springframework.security.web.access.ExceptionTranslationFilter@5520706a, org.springframework.security.web.access.intercept.AuthorizationFilter@44da9933]
2023-10-02 02:52:27,994 [restartedMain] INFO  o.s.b.a.w.s.WelcomePageHandlerMapping    : Adding welcome page template: index
2023-10-02 02:52:28,329 [restartedMain] INFO  o.s.b.d.a.OptionalLiveReloadServer       : LiveReload server is running on port 35729
2023-10-02 02:52:28,385 [restartedMain] INFO  o.s.b.w.embedded.tomcat.TomcatWebServer  : Tomcat started on port(s): 8181 (http) with context path ''
2023-10-02 02:52:28,395 [restartedMain] INFO  com.example.crud.CrudApplication         : Started CrudApplication in 6.091 seconds (process running for 6.945)
