2023-10-27 05:24:06,178 [restartedMain] INFO  com.example.crud.CrudApplication         : Starting CrudApplication using Java 17.0.4.1 with PID 22052 (C:\Users\Luka\Desktop\Spring Boot\CRUD\target\classes started by Luka in C:\Users\Luka\Desktop\Spring Boot\CRUD)
2023-10-27 05:24:06,182 [restartedMain] INFO  com.example.crud.CrudApplication         : No active profile set, falling back to 1 default profile: "default"
2023-10-27 05:24:06,226 [restartedMain] INFO  o.s.b.d.e.DevToolsPropertyDefaultsPostProcessor : Devtools property defaults active! Set 'spring.devtools.add-properties' to 'false' to disable
2023-10-27 05:24:06,226 [restartedMain] INFO  o.s.b.d.e.DevToolsPropertyDefaultsPostProcessor : For additional web related logging consider setting the 'logging.level.web' property to 'DEBUG'
2023-10-27 05:24:06,946 [restartedMain] INFO  o.s.d.r.c.RepositoryConfigurationDelegate : Bootstrapping Spring Data JPA repositories in DEFAULT mode.
2023-10-27 05:24:06,999 [restartedMain] INFO  o.s.d.r.c.RepositoryConfigurationDelegate : Finished Spring Data repository scanning in 47 ms. Found 3 JPA repository interfaces.
2023-10-27 05:24:07,345 [restartedMain] INFO  o.s.c.s.PostProcessorRegistrationDelegate$BeanPostProcessorChecker : Bean 'org.springframework.ws.config.annotation.DelegatingWsConfiguration' of type [org.springframework.ws.config.annotation.DelegatingWsConfiguration$$SpringCGLIB$$0] is not eligible for getting processed by all BeanPostProcessors (for example: not eligible for auto-proxying)
2023-10-27 05:24:07,373 [restartedMain] INFO  o.s.w.s.a.s.AnnotationActionEndpointMapping : Supporting [WS-Addressing August 2004, WS-Addressing 1.0]
2023-10-27 05:24:07,654 [restartedMain] INFO  o.s.b.w.embedded.tomcat.TomcatWebServer  : Tomcat initialized with port(s): 8181 (http)
2023-10-27 05:24:07,662 [restartedMain] INFO  o.apache.catalina.core.StandardService   : Starting service [Tomcat]
2023-10-27 05:24:07,663 [restartedMain] INFO  org.apache.catalina.core.StandardEngine  : Starting Servlet engine: [Apache Tomcat/10.1.12]
2023-10-27 05:24:07,724 [restartedMain] INFO  o.a.c.c.C.[Tomcat].[localhost].[/]       : Initializing Spring embedded WebApplicationContext
2023-10-27 05:24:07,724 [restartedMain] INFO  o.s.b.w.s.c.ServletWebServerApplicationContext : Root WebApplicationContext: initialization completed in 1497 ms
2023-10-27 05:24:07,781 [restartedMain] WARN  o.a.c.c.C.[Tomcat].[localhost].[/]       : Cannot deserialize session attribute [SPRING_SECURITY_CONTEXT] for session [BC92653CFC52728F2814E4AFBFE5FE17]
2023-10-27 05:24:07,895 [restartedMain] INFO  o.hibernate.jpa.internal.util.LogHelper  : HHH000204: Processing PersistenceUnitInfo [name: default]
2023-10-27 05:24:07,945 [restartedMain] INFO  org.hibernate.Version                    : HHH000412: Hibernate ORM core version 6.2.7.Final
2023-10-27 05:24:07,947 [restartedMain] INFO  org.hibernate.cfg.Environment            : HHH000406: Using bytecode reflection optimizer
2023-10-27 05:24:08,062 [restartedMain] INFO  o.h.b.internal.BytecodeProviderInitiator : HHH000021: Bytecode provider name : bytebuddy
2023-10-27 05:24:08,171 [restartedMain] INFO  o.s.o.j.p.SpringPersistenceUnitInfo      : No LoadTimeWeaver setup: ignoring JPA class transformer
2023-10-27 05:24:08,188 [restartedMain] INFO  com.zaxxer.hikari.HikariDataSource       : HikariPool-1 - Starting...
2023-10-27 05:24:08,311 [restartedMain] INFO  com.zaxxer.hikari.pool.HikariPool        : HikariPool-1 - Added connection com.mysql.cj.jdbc.ConnectionImpl@340bd456
2023-10-27 05:24:08,313 [restartedMain] INFO  com.zaxxer.hikari.HikariDataSource       : HikariPool-1 - Start completed.
2023-10-27 05:24:08,345 [restartedMain] WARN  org.hibernate.dialect.Dialect            : HHH000511: The 5.5.0 version for [org.hibernate.dialect.MySQLDialect] is no longer supported, hence certain features may not work properly. The minimum supported version is 5.7.0. Check the community dialects project for available legacy versions.
2023-10-27 05:24:08,541 [restartedMain] INFO  o.h.b.internal.BytecodeProviderInitiator : HHH000021: Bytecode provider name : bytebuddy
2023-10-27 05:24:09,126 [restartedMain] INFO  o.h.e.t.j.p.i.JtaPlatformInitiator       : HHH000490: Using JtaPlatform implementation: [org.hibernate.engine.transaction.jta.platform.internal.NoJtaPlatform]
2023-10-27 05:24:09,205 [restartedMain] INFO  o.s.o.j.LocalContainerEntityManagerFactoryBean : Initialized JPA EntityManagerFactory for persistence unit 'default'
2023-10-27 05:24:09,410 [restartedMain] INFO  o.s.d.j.r.query.QueryEnhancerFactory     : Hibernate is in classpath; If applicable, HQL parser will be used.
2023-10-27 05:24:09,935 [restartedMain] WARN  o.s.b.a.o.j.JpaBaseConfiguration$JpaWebConfiguration : spring.jpa.open-in-view is enabled by default. Therefore, database queries may be performed during view rendering. Explicitly configure spring.jpa.open-in-view to disable this warning
2023-10-27 05:24:10,126 [restartedMain] INFO  o.s.s.web.DefaultSecurityFilterChain     : Will secure any request with [org.springframework.security.web.session.DisableEncodeUrlFilter@6ee5f7e4, org.springframework.security.web.context.request.async.WebAsyncManagerIntegrationFilter@30563ab5, org.springframework.security.web.context.SecurityContextHolderFilter@68be82d4, org.springframework.security.web.header.HeaderWriterFilter@6a6121fa, org.springframework.security.web.csrf.CsrfFilter@2fa487ff, org.springframework.security.web.authentication.logout.LogoutFilter@121db23e, org.springframework.security.web.authentication.UsernamePasswordAuthenticationFilter@296e6737, org.springframework.security.web.savedrequest.RequestCacheAwareFilter@65068af9, org.springframework.security.web.servletapi.SecurityContextHolderAwareRequestFilter@555d808, org.springframework.security.web.authentication.AnonymousAuthenticationFilter@6adba457, org.springframework.security.web.access.ExceptionTranslationFilter@48514a22, org.springframework.security.web.access.intercept.AuthorizationFilter@7b04ad20]
2023-10-27 05:24:10,397 [restartedMain] INFO  o.s.b.a.w.s.WelcomePageHandlerMapping    : Adding welcome page template: index
2023-10-27 05:24:10,783 [restartedMain] INFO  o.s.b.d.a.OptionalLiveReloadServer       : LiveReload server is running on port 35729
2023-10-27 05:24:10,861 [restartedMain] INFO  o.s.b.w.embedded.tomcat.TomcatWebServer  : Tomcat started on port(s): 8181 (http) with context path ''
2023-10-27 05:24:10,877 [restartedMain] INFO  com.example.crud.CrudApplication         : Started CrudApplication in 5.126 seconds (process running for 5.851)
2023-10-27 05:24:24,544 [http-nio-8181-exec-1] INFO  o.a.c.c.C.[Tomcat].[localhost].[/]       : Initializing Spring DispatcherServlet 'dispatcherServlet'
2023-10-27 05:24:24,548 [http-nio-8181-exec-1] INFO  o.s.web.servlet.DispatcherServlet        : Initializing Servlet 'dispatcherServlet'
2023-10-27 05:24:24,550 [http-nio-8181-exec-1] INFO  o.s.web.servlet.DispatcherServlet        : Completed initialization in 2 ms
2023-10-27 05:24:29,291 [http-nio-8181-exec-4] WARN  o.t.s.p.AbstractStandardFragmentInsertionTagProcessor : [THYMELEAF][http-nio-8181-exec-4][cart] Deprecated unwrapped fragment expression "quantity_control :: quantity_control(${item.quantity},${item.product.id})" found in template cart, line 21, col 14. Please use the complete syntax of fragment expressions instead ("~{quantity_control :: quantity_control(${item.quantity},${item.product.id})}"). The old, unwrapped syntax for fragment expressions will be removed in future versions of Thymeleaf.
2023-10-27 05:24:29,305 [http-nio-8181-exec-4] WARN  o.t.s.p.AbstractStandardFragmentInsertionTagProcessor : [THYMELEAF][http-nio-8181-exec-4][cart] Deprecated unwrapped fragment expression "quantity_control :: quantity_control(${item.quantity},${item.product.id})" found in template cart, line 21, col 14. Please use the complete syntax of fragment expressions instead ("~{quantity_control :: quantity_control(${item.quantity},${item.product.id})}"). The old, unwrapped syntax for fragment expressions will be removed in future versions of Thymeleaf.
2023-10-27 05:24:29,307 [http-nio-8181-exec-4] WARN  o.t.s.p.AbstractStandardFragmentInsertionTagProcessor : [THYMELEAF][http-nio-8181-exec-4][cart] Deprecated unwrapped fragment expression "quantity_control :: quantity_control(${item.quantity},${item.product.id})" found in template cart, line 21, col 14. Please use the complete syntax of fragment expressions instead ("~{quantity_control :: quantity_control(${item.quantity},${item.product.id})}"). The old, unwrapped syntax for fragment expressions will be removed in future versions of Thymeleaf.
