2023-10-12 01:59:38,864 [SpringApplicationShutdownHook] INFO  o.s.o.j.LocalContainerEntityManagerFactoryBean : Closing JPA EntityManagerFactory for persistence unit 'default'
2023-10-12 01:59:38,869 [SpringApplicationShutdownHook] INFO  com.zaxxer.hikari.HikariDataSource       : HikariPool-1 - Shutdown initiated...
2023-10-12 01:59:38,876 [SpringApplicationShutdownHook] INFO  com.zaxxer.hikari.HikariDataSource       : HikariPool-1 - Shutdown completed.
2023-10-12 01:59:41,919 [restartedMain] INFO  com.example.crud.CrudApplication         : Starting CrudApplication using Java 17.0.4.1 with PID 24032 (C:\Users\Luka\Desktop\Spring Boot\CRUD\target\classes started by Luka in C:\Users\Luka\Desktop\Spring Boot\CRUD)
2023-10-12 01:59:41,921 [restartedMain] INFO  com.example.crud.CrudApplication         : No active profile set, falling back to 1 default profile: "default"
2023-10-12 01:59:41,968 [restartedMain] INFO  o.s.b.d.e.DevToolsPropertyDefaultsPostProcessor : Devtools property defaults active! Set 'spring.devtools.add-properties' to 'false' to disable
2023-10-12 01:59:41,969 [restartedMain] INFO  o.s.b.d.e.DevToolsPropertyDefaultsPostProcessor : For additional web related logging consider setting the 'logging.level.web' property to 'DEBUG'
2023-10-12 01:59:42,628 [restartedMain] INFO  o.s.d.r.c.RepositoryConfigurationDelegate : Bootstrapping Spring Data JPA repositories in DEFAULT mode.
2023-10-12 01:59:42,679 [restartedMain] INFO  o.s.d.r.c.RepositoryConfigurationDelegate : Finished Spring Data repository scanning in 45 ms. Found 2 JPA repository interfaces.
2023-10-12 01:59:43,006 [restartedMain] INFO  o.s.c.s.PostProcessorRegistrationDelegate$BeanPostProcessorChecker : Bean 'org.springframework.ws.config.annotation.DelegatingWsConfiguration' of type [org.springframework.ws.config.annotation.DelegatingWsConfiguration$$SpringCGLIB$$0] is not eligible for getting processed by all BeanPostProcessors (for example: not eligible for auto-proxying)
2023-10-12 01:59:43,035 [restartedMain] INFO  o.s.w.s.a.s.AnnotationActionEndpointMapping : Supporting [WS-Addressing August 2004, WS-Addressing 1.0]
2023-10-12 01:59:43,284 [restartedMain] INFO  o.s.b.w.embedded.tomcat.TomcatWebServer  : Tomcat initialized with port(s): 8181 (http)
2023-10-12 01:59:43,292 [restartedMain] INFO  o.apache.catalina.core.StandardService   : Starting service [Tomcat]
2023-10-12 01:59:43,292 [restartedMain] INFO  org.apache.catalina.core.StandardEngine  : Starting Servlet engine: [Apache Tomcat/10.1.12]
2023-10-12 01:59:43,342 [restartedMain] INFO  o.a.c.c.C.[Tomcat].[localhost].[/]       : Initializing Spring embedded WebApplicationContext
2023-10-12 01:59:43,342 [restartedMain] INFO  o.s.b.w.s.c.ServletWebServerApplicationContext : Root WebApplicationContext: initialization completed in 1373 ms
2023-10-12 01:59:43,399 [restartedMain] WARN  o.a.c.c.C.[Tomcat].[localhost].[/]       : Cannot deserialize session attribute [SPRING_SECURITY_CONTEXT] for session [5D387FE622F148703B2ABED31AEC3DEB]
2023-10-12 01:59:43,492 [restartedMain] INFO  o.hibernate.jpa.internal.util.LogHelper  : HHH000204: Processing PersistenceUnitInfo [name: default]
2023-10-12 01:59:43,538 [restartedMain] INFO  org.hibernate.Version                    : HHH000412: Hibernate ORM core version 6.2.7.Final
2023-10-12 01:59:43,540 [restartedMain] INFO  org.hibernate.cfg.Environment            : HHH000406: Using bytecode reflection optimizer
2023-10-12 01:59:43,657 [restartedMain] INFO  o.h.b.internal.BytecodeProviderInitiator : HHH000021: Bytecode provider name : bytebuddy
2023-10-12 01:59:43,765 [restartedMain] INFO  o.s.o.j.p.SpringPersistenceUnitInfo      : No LoadTimeWeaver setup: ignoring JPA class transformer
2023-10-12 01:59:43,779 [restartedMain] INFO  com.zaxxer.hikari.HikariDataSource       : HikariPool-1 - Starting...
2023-10-12 01:59:43,897 [restartedMain] INFO  com.zaxxer.hikari.pool.HikariPool        : HikariPool-1 - Added connection com.mysql.cj.jdbc.ConnectionImpl@3e211269
2023-10-12 01:59:43,899 [restartedMain] INFO  com.zaxxer.hikari.HikariDataSource       : HikariPool-1 - Start completed.
2023-10-12 01:59:43,929 [restartedMain] WARN  org.hibernate.dialect.Dialect            : HHH000511: The 5.5.0 version for [org.hibernate.dialect.MySQLDialect] is no longer supported, hence certain features may not work properly. The minimum supported version is 5.7.0. Check the community dialects project for available legacy versions.
2023-10-12 01:59:44,111 [restartedMain] INFO  o.h.b.internal.BytecodeProviderInitiator : HHH000021: Bytecode provider name : bytebuddy
2023-10-12 01:59:44,654 [restartedMain] INFO  o.h.e.t.j.p.i.JtaPlatformInitiator       : HHH000490: Using JtaPlatform implementation: [org.hibernate.engine.transaction.jta.platform.internal.NoJtaPlatform]
2023-10-12 01:59:44,715 [restartedMain] INFO  o.s.o.j.LocalContainerEntityManagerFactoryBean : Initialized JPA EntityManagerFactory for persistence unit 'default'
2023-10-12 01:59:44,924 [restartedMain] INFO  o.s.d.j.r.query.QueryEnhancerFactory     : Hibernate is in classpath; If applicable, HQL parser will be used.
2023-10-12 01:59:45,342 [restartedMain] WARN  o.s.b.a.o.j.JpaBaseConfiguration$JpaWebConfiguration : spring.jpa.open-in-view is enabled by default. Therefore, database queries may be performed during view rendering. Explicitly configure spring.jpa.open-in-view to disable this warning
2023-10-12 01:59:45,500 [restartedMain] INFO  o.s.s.web.DefaultSecurityFilterChain     : Will secure any request with [org.springframework.security.web.session.DisableEncodeUrlFilter@164671e6, org.springframework.security.web.context.request.async.WebAsyncManagerIntegrationFilter@56487700, org.springframework.security.web.context.SecurityContextHolderFilter@851baad, org.springframework.security.web.header.HeaderWriterFilter@34b30a98, org.springframework.security.web.csrf.CsrfFilter@6af001cd, org.springframework.security.web.authentication.logout.LogoutFilter@71015ca2, org.springframework.security.web.authentication.UsernamePasswordAuthenticationFilter@308801b2, org.springframework.security.web.savedrequest.RequestCacheAwareFilter@63bd8f1c, org.springframework.security.web.servletapi.SecurityContextHolderAwareRequestFilter@14287276, org.springframework.security.web.authentication.AnonymousAuthenticationFilter@263d69ea, org.springframework.security.web.access.ExceptionTranslationFilter@5249e9c2, org.springframework.security.web.access.intercept.AuthorizationFilter@2b1d6a64]
2023-10-12 01:59:45,733 [restartedMain] INFO  o.s.b.a.w.s.WelcomePageHandlerMapping    : Adding welcome page template: index
2023-10-12 01:59:46,032 [restartedMain] INFO  o.s.b.d.a.OptionalLiveReloadServer       : LiveReload server is running on port 35729
2023-10-12 01:59:46,065 [restartedMain] INFO  o.s.b.w.embedded.tomcat.TomcatWebServer  : Tomcat started on port(s): 8181 (http) with context path ''
2023-10-12 01:59:46,074 [restartedMain] INFO  com.example.crud.CrudApplication         : Started CrudApplication in 4.623 seconds (process running for 5.418)
